#
# A fatal error has been detected by the Java Runtime Environment:
#
#  SIGBUS (0x7) at pc=0x00007f9ddfc0835e, pid=7504, tid=7510
#
# JRE version: OpenJDK Runtime Environment (9.0) (build 9-internal+0-2016-04-14-195246.buildd.src)
# Java VM: OpenJDK 64-Bit Server VM (9-internal+0-2016-04-14-195246.buildd.src, mixed mode, tiered, compressed oops, g1 gc, linux-amd64)
# Problematic frame:
# C  [libpthread.so.0+0xd35e]  pthread_cond_wait+0xbe
#
# Core dump will be written. Default location: Core dumps may be processed with "/usr/share/apport/apport %p %s %c %d %P" (or dumping to /home/robbie/cs314/t08/core.7504)
#
# If you would like to submit a bug report, please visit:
#   http://bugreport.java.com/bugreport/crash.jsp
#

---------------  S U M M A R Y ------------

Command Line: target/server-0.1.jar

Host: Intel(R) Core(TM) i7-5500U CPU @ 2.40GHz, 4 cores, 7G, Ubuntu 16.04.3 LTS
Time: Sun Feb 18 23:12:50 2018 MST elapsed time: 122 seconds (0d 0h 2m 2s)

---------------  T H R E A D  ---------------

Current thread (0x00007f9dd802d000):  ConcurrentGCThread [stack: 0x00007f9ddc462000,0x00007f9ddc563000] [id=7510]

Stack: [0x00007f9ddc462000,0x00007f9ddc563000],  sp=0x00007f9ddc561dd0,  free space=1023k
Native frames: (J=compiled Java code, j=interpreted, Vv=VM code, C=native code)
C  [libpthread.so.0+0xd35e]  pthread_cond_wait+0xbe
V  [libjvm.so+0xa0954f]
V  [libjvm.so+0xa0a7a4]
V  [libjvm.so+0x596c0d]
V  [libjvm.so+0x596dd1]
V  [libjvm.so+0xa454a0]


siginfo: si_signo: 7 (SIGBUS), si_code: 0 (SI_USER), si_pid: 3075, si_uid: 1000

Register to memory mapping:

RAX=0x00000000000000ca is an unknown value
RBX=0x00007f9dd802e400 is an unknown value
RCX=0x00007f9ddfc08360: pthread_cond_wait+0x00000000000000c0 in /lib/x86_64-linux-gnu/libpthread.so.0 at 0x00007f9ddfbfb000
RDX=0x0000000000000033 is an unknown value
RSP=0x00007f9ddc561dd0 is an unknown value
RBP=0x00007f9ddc561e20 is an unknown value
RSI=0x0000000000000080 is an unknown value
RDI=0x00007f9dd802e454 is an unknown value
R8 =0x00007f9dd802e400 is an unknown value
R9 =0x0000000000000019 is an unknown value
R10=0x0000000000000000 is an unknown value
R11=0x0000000000000246 is an unknown value
R12=0x00007f9ddfbd51e8: <offset 0x00000000011611e8> in /usr/lib/jvm/java-9-openjdk-amd64/lib/amd64/server/libjvm.so at 0x00007f9ddea74000
R13=0x00007f9dd802e428 is an unknown value
R14=0x00007f9dd802e450 is an unknown value
R15=0x00007f9dd802e6c0 is an unknown value


Registers:
RAX=0x00000000000000ca, RBX=0x00007f9dd802e400, RCX=0x00007f9ddfc08360, RDX=0x0000000000000033
RSP=0x00007f9ddc561dd0, RBP=0x00007f9ddc561e20, RSI=0x0000000000000080, RDI=0x00007f9dd802e454
R8 =0x00007f9dd802e400, R9 =0x0000000000000019, R10=0x0000000000000000, R11=0x0000000000000246
R12=0x00007f9ddfbd51e8, R13=0x00007f9dd802e428, R14=0x00007f9dd802e450, R15=0x00007f9dd802e6c0
RIP=0x00007f9ddfc0835e, EFLAGS=0x0000000000000246, CSGSFS=0x002b000000000033, ERR=0x0000000000000004
  TRAPNO=0x000000000000000e

Top of Stack: (sp=0x00007f9ddc561dd0)
0x00007f9ddc561dd0:   0000000000000000 00007f9dd802e450
0x00007f9ddc561de0:   00007f9dd802e428 0000000000000019
0x00007f9ddc561df0:   00007f9ddc561e20 00007f9ddf4b854b
0x00007f9ddc561e00:   00007f9dd802e400 00007f9dd802e6a0
0x00007f9ddc561e10:   00007f9ddfbd51e8 00007f9dd802d000
0x00007f9ddc561e20:   00007f9ddc561e70 00007f9ddf47d54f
0x00007f9ddc561e30:   0000000000000000 0000000000000000
0x00007f9ddc561e40:   0000000000000000 00007f9dd802e6a0
0x00007f9ddc561e50:   0000000000000000 0000000000000001
0x00007f9ddc561e60:   0000000000000000 00007f9dd802d000
0x00007f9ddc561e70:   00007f9ddc561ed0 00007f9ddf47e7a4
0x00007f9ddc561e80:   0000000000000000 0000000000000000
0x00007f9ddc561e90:   0000000000000000 0000000000000000
0x00007f9ddc561ea0:   0000000000000000 00007f9dd802d000
0x00007f9ddc561eb0:   00007f9dd802e860 00007f9dd802e6a0
0x00007f9ddc561ec0:   00007f9ddc5629c0 0000000000000001
0x00007f9ddc561ed0:   00007f9ddc561f00 00007f9ddf00ac0d
0x00007f9ddc561ee0:   00007f9dd802d000 00007f9dd802e860
0x00007f9ddc561ef0:   00007f9dd802d000 00007f9ddc5629c0
0x00007f9ddc561f00:   00007f9ddc561f20 00007f9ddf00add1
0x00007f9ddc561f10:   00007f9ddc5629c0 00007f9dd802e770
0x00007f9ddc561f20:   00007f9ddc561f50 00007f9ddf4b94a0
0x00007f9ddc561f30:   0000000000000000 0000000000000000
0x00007f9ddc561f40:   00007f9de0a177af 00007f9ddc5629c0
0x00007f9ddc561f50:   0000000000000000 00007f9ddfc026ba
0x00007f9ddc561f60:   0000000000000000 00007f9ddc562700
0x00007f9ddc561f70:   00007f9ddc562700 19163d8af9d940d4
0x00007f9ddc561f80:   0000000000000000 00007f9de0a177af
0x00007f9ddc561f90:   00007f9ddc5629c0 0000000000000001
0x00007f9ddc561fa0:   e62d8526c71940d4 e62d820ab52340d4
0x00007f9ddc561fb0:   0000000000000000 0000000000000000
0x00007f9ddc561fc0:   0000000000000000 0000000000000000 

Instructions: (pc=0x00007f9ddfc0835e)
0x00007f9ddfc0833e:   00 00 00 b8 ca 00 00 00 0f 05 83 f8 00 41 0f 94
0x00007f9ddfc0834e:   c0 eb 0f be 80 00 00 00 45 30 c0 b8 ca 00 00 00
0x00007f9ddfc0835e:   0f 05 8b 3c 24 e8 58 2e 00 00 48 8b 7c 24 08 be
0x00007f9ddfc0836e:   01 00 00 00 31 c0 f0 0f b1 37 0f 85 e0 00 00 00 


---------------  P R O C E S S  ---------------

Java Threads: ( => current thread )
  0x00007f9d4000b800 JavaThread "SeedGenerator Thread" daemon [_thread_blocked, id=7556, stack(0x00007f9d647f9000,0x00007f9d648fa000)]
  0x00007f9d44004800 JavaThread "Scheduler-32872066" [_thread_blocked, id=7544, stack(0x00007f9d64afa000,0x00007f9d64bfb000)]
  0x00007f9d5009c000 JavaThread "Scheduler-227394916" [_thread_blocked, id=7538, stack(0x00007f9d64bfb000,0x00007f9d64cfc000)]
  0x00007f9d50083000 JavaThread "qtp877021579-22" [_thread_in_native, id=7537, stack(0x00007f9d64cfc000,0x00007f9d64dfd000)]
  0x00007f9d50081800 JavaThread "qtp877021579-21" [_thread_in_native, id=7536, stack(0x00007f9d64dfd000,0x00007f9d64efe000)]
  0x00007f9d5007f800 JavaThread "qtp877021579-20" [_thread_in_Java, id=7535, stack(0x00007f9d64efe000,0x00007f9d64fff000)]
  0x00007f9d5007e000 JavaThread "qtp877021579-19" [_thread_blocked, id=7534, stack(0x00007f9d900e6000,0x00007f9d901e7000)]
  0x00007f9d5007c000 JavaThread "qtp877021579-18" [_thread_blocked, id=7533, stack(0x00007f9d901e7000,0x00007f9d902e8000)]
  0x00007f9d5007a800 JavaThread "qtp877021579-17" [_thread_blocked, id=7532, stack(0x00007f9d902e8000,0x00007f9d903e9000)]
  0x00007f9d50079000 JavaThread "qtp877021579-16-acceptor-0@5a8d4b0f-ServerConnector@1f8fce3a{HTTP/1.1,[http/1.1]}{0.0.0.0:31408}" [_thread_in_native, id=7531, stack(0x00007f9d903e9000,0x00007f9d904ea000)]
  0x00007f9d50078000 JavaThread "qtp877021579-15" [_thread_blocked, id=7530, stack(0x00007f9d904ea000,0x00007f9d905eb000)]
  0x00007f9dd8011000 JavaThread "DestroyJavaVM" [_thread_blocked, id=7505, stack(0x00007f9de0918000,0x00007f9de0a19000)]
  0x00007f9dd82d9000 JavaThread "Thread-0" [_thread_blocked, id=7529, stack(0x00007f9d909f7000,0x00007f9d90af8000)]
  0x00007f9dd8263000 JavaThread "Service Thread" daemon [_thread_blocked, id=7527, stack(0x00007f9d90bf9000,0x00007f9d90cfa000)]
  0x00007f9dd81b5800 JavaThread "Common-Cleaner" daemon [_thread_blocked, id=7526, stack(0x00007f9d90cfa000,0x00007f9d90dfb000)]
  0x00007f9dd818e000 JavaThread "Sweeper thread" daemon [_thread_blocked, id=7525, stack(0x00007f9d91225000,0x00007f9d91326000)]
  0x00007f9dd818c000 JavaThread "C1 CompilerThread2" daemon [_thread_in_native, id=7524, stack(0x00007f9d91326000,0x00007f9d91427000)]
  0x00007f9dd818a000 JavaThread "C2 CompilerThread1" daemon [_thread_blocked, id=7523, stack(0x00007f9d91427000,0x00007f9d91528000)]
  0x00007f9dd8188000 JavaThread "C2 CompilerThread0" daemon [_thread_blocked, id=7522, stack(0x00007f9d9807e000,0x00007f9d9817f000)]
  0x00007f9dd8184000 JavaThread "Signal Dispatcher" daemon [_thread_blocked, id=7521, stack(0x00007f9d9817f000,0x00007f9d98280000)]
  0x00007f9dd8181800 JavaThread "Surrogate Locker Thread (Concurrent GC)" daemon [_thread_blocked, id=7520, stack(0x00007f9dc0081000,0x00007f9dc0182000)]
  0x00007f9dd8170000 JavaThread "Finalizer" daemon [_thread_blocked, id=7519, stack(0x00007f9dc0182000,0x00007f9dc0283000)]
  0x00007f9dd816c000 JavaThread "Reference Handler" daemon [_thread_blocked, id=7518, stack(0x00007f9dc0283000,0x00007f9dc0384000)]

Other Threads:
  0x00007f9dd8162000 VMThread [stack: 0x00007f9dc0384000,0x00007f9dc0485000] [id=7517]
  0x00007f9dd8266000 WatcherThread [stack: 0x00007f9d90af8000,0x00007f9d90bf9000] [id=7528]

=>0x00007f9dd802d000 (exited) ConcurrentGCThread [stack: 0x00007f9ddc462000,0x00007f9ddc563000] [id=7510]

Threads with active compile tasks:

VM state:not at safepoint (normal execution)

VM Mutex/Monitor currently owned by a thread:  ([mutex/lock_event])
[0x00007f9dd800d4c0] Threads_lock - owner thread: 0x00007f9d7c001000

heap address: 0x0000000085000000, size: 1968 MB, Compressed Oops mode: 32-bit
Narrow klass base: 0x0000000000000000, Narrow klass shift: 3
Compressed class space size: 1073741824 Address: 0x0000000100000000

Heap:
 garbage-first heap   total 126976K, used 23885K [0x0000000085000000, 0x00000000851003e0, 0x0000000100000000)
  region size 1024K, 23 young (23552K), 1 survivors (1024K)
 Metaspace       used 11904K, capacity 12242K, committed 12544K, reserved 1060864K
  class space    used 1347K, capacity 1457K, committed 1536K, reserved 1048576K

Heap Regions: E=young(eden), S=young(survivor), O=old, HS=humongous(starts), HC=humongous(continues), CS=collection set, F=free, A=archive, TS=gc time stamp, AC=allocation context, TAMS=top-at-mark-start (previous, next)
|   0|0x0000000085000000, 0x0000000085100000, 0x0000000085100000|100%| O|  |TS  1|AC  0|TAMS 0x0000000085000000, 0x0000000085000000|
|   1|0x0000000085100000, 0x0000000085153400, 0x0000000085200000| 32%| O|  |TS  1|AC  0|TAMS 0x0000000085100000, 0x0000000085100000|
|   2|0x0000000085200000, 0x0000000085200000, 0x0000000085300000|  0%| F|  |TS  0|AC  0|TAMS 0x0000000085200000, 0x0000000085200000|
|   3|0x0000000085300000, 0x0000000085300000, 0x0000000085400000|  0%| F|  |TS  0|AC  0|TAMS 0x0000000085300000, 0x0000000085300000|
|   4|0x0000000085400000, 0x0000000085400000, 0x0000000085500000|  0%| F|  |TS  0|AC  0|TAMS 0x0000000085400000, 0x0000000085400000|
|   5|0x0000000085500000, 0x0000000085500000, 0x0000000085600000|  0%| F|  |TS  0|AC  0|TAMS 0x0000000085500000, 0x0000000085500000|
|   6|0x0000000085600000, 0x0000000085600000, 0x0000000085700000|  0%| F|  |TS  0|AC  0|TAMS 0x0000000085600000, 0x0000000085600000|
|   7|0x0000000085700000, 0x0000000085700000, 0x0000000085800000|  0%| F|  |TS  0|AC  0|TAMS 0x0000000085700000, 0x0000000085700000|
|   8|0x0000000085800000, 0x0000000085800000, 0x0000000085900000|  0%| F|  |TS  0|AC  0|TAMS 0x0000000085800000, 0x0000000085800000|
|   9|0x0000000085900000, 0x0000000085900000, 0x0000000085a00000|  0%| F|  |TS  0|AC  0|TAMS 0x0000000085900000, 0x0000000085900000|
|  10|0x0000000085a00000, 0x0000000085a00000, 0x0000000085b00000|  0%| F|  |TS  0|AC  0|TAMS 0x0000000085a00000, 0x0000000085a00000|
|  11|0x0000000085b00000, 0x0000000085b00000, 0x0000000085c00000|  0%| F|  |TS  0|AC  0|TAMS 0x0000000085b00000, 0x0000000085b00000|
|  12|0x0000000085c00000, 0x0000000085c00000, 0x0000000085d00000|  0%| F|  |TS  0|AC  0|TAMS 0x0000000085c00000, 0x0000000085c00000|
|  13|0x0000000085d00000, 0x0000000085d00000, 0x0000000085e00000|  0%| F|  |TS  0|AC  0|TAMS 0x0000000085d00000, 0x0000000085d00000|
|  14|0x0000000085e00000, 0x0000000085e00000, 0x0000000085f00000|  0%| F|  |TS  0|AC  0|TAMS 0x0000000085e00000, 0x0000000085e00000|
|  15|0x0000000085f00000, 0x0000000085f00000, 0x0000000086000000|  0%| F|  |TS  0|AC  0|TAMS 0x0000000085f00000, 0x0000000085f00000|
|  16|0x0000000086000000, 0x0000000086000000, 0x0000000086100000|  0%| F|  |TS  0|AC  0|TAMS 0x0000000086000000, 0x0000000086000000|
|  17|0x0000000086100000, 0x0000000086100000, 0x0000000086200000|  0%| F|  |TS  0|AC  0|TAMS 0x0000000086100000, 0x0000000086100000|
|  18|0x0000000086200000, 0x0000000086200000, 0x0000000086300000|  0%| F|  |TS  0|AC  0|TAMS 0x0000000086200000, 0x0000000086200000|
|  19|0x0000000086300000, 0x0000000086300000, 0x0000000086400000|  0%| F|  |TS  0|AC  0|TAMS 0x0000000086300000, 0x0000000086300000|
|  20|0x0000000086400000, 0x0000000086400000, 0x0000000086500000|  0%| F|  |TS  0|AC  0|TAMS 0x0000000086400000, 0x0000000086400000|
|  21|0x0000000086500000, 0x0000000086500000, 0x0000000086600000|  0%| F|  |TS  0|AC  0|TAMS 0x0000000086500000, 0x0000000086500000|
|  22|0x0000000086600000, 0x0000000086600000, 0x0000000086700000|  0%| F|  |TS  0|AC  0|TAMS 0x0000000086600000, 0x0000000086600000|
|  23|0x0000000086700000, 0x0000000086700000, 0x0000000086800000|  0%| F|  |TS  0|AC  0|TAMS 0x0000000086700000, 0x0000000086700000|
|  24|0x0000000086800000, 0x0000000086800000, 0x0000000086900000|  0%| F|  |TS  0|AC  0|TAMS 0x0000000086800000, 0x0000000086800000|
|  25|0x0000000086900000, 0x0000000086900000, 0x0000000086a00000|  0%| F|  |TS  0|AC  0|TAMS 0x0000000086900000, 0x0000000086900000|
|  26|0x0000000086a00000, 0x0000000086a00000, 0x0000000086b00000|  0%| F|  |TS  0|AC  0|TAMS 0x0000000086a00000, 0x0000000086a00000|
|  27|0x0000000086b00000, 0x0000000086b00000, 0x0000000086c00000|  0%| F|  |TS  0|AC  0|TAMS 0x0000000086b00000, 0x0000000086b00000|
|  28|0x0000000086c00000, 0x0000000086c00000, 0x0000000086d00000|  0%| F|  |TS  0|AC  0|TAMS 0x0000000086c00000, 0x0000000086c00000|
|  29|0x0000000086d00000, 0x0000000086d00000, 0x0000000086e00000|  0%| F|  |TS  0|AC  0|TAMS 0x0000000086d00000, 0x0000000086d00000|
|  30|0x0000000086e00000, 0x0000000086e00000, 0x0000000086f00000|  0%| F|  |TS  0|AC  0|TAMS 0x0000000086e00000, 0x0000000086e00000|
|  31|0x0000000086f00000, 0x0000000086f00000, 0x0000000087000000|  0%| F|  |TS  0|AC  0|TAMS 0x0000000086f00000, 0x0000000086f00000|
|  32|0x0000000087000000, 0x0000000087000000, 0x0000000087100000|  0%| F|  |TS  0|AC  0|TAMS 0x0000000087000000, 0x0000000087000000|
|  33|0x0000000087100000, 0x0000000087100000, 0x0000000087200000|  0%| F|  |TS  0|AC  0|TAMS 0x0000000087100000, 0x0000000087100000|
|  34|0x0000000087200000, 0x0000000087200000, 0x0000000087300000|  0%| F|  |TS  0|AC  0|TAMS 0x0000000087200000, 0x0000000087200000|
|  35|0x0000000087300000, 0x0000000087300000, 0x0000000087400000|  0%| F|  |TS  0|AC  0|TAMS 0x0000000087300000, 0x0000000087300000|
|  36|0x0000000087400000, 0x0000000087400000, 0x0000000087500000|  0%| F|  |TS  0|AC  0|TAMS 0x0000000087400000, 0x0000000087400000|
|  37|0x0000000087500000, 0x0000000087500000, 0x0000000087600000|  0%| F|  |TS  0|AC  0|TAMS 0x0000000087500000, 0x0000000087500000|
|  38|0x0000000087600000, 0x0000000087600000, 0x0000000087700000|  0%| F|  |TS  0|AC  0|TAMS 0x0000000087600000, 0x0000000087600000|
|  39|0x0000000087700000, 0x0000000087700000, 0x0000000087800000|  0%| F|  |TS  0|AC  0|TAMS 0x0000000087700000, 0x0000000087700000|
|  40|0x0000000087800000, 0x0000000087800000, 0x0000000087900000|  0%| F|  |TS  0|AC  0|TAMS 0x0000000087800000, 0x0000000087800000|
|  41|0x0000000087900000, 0x0000000087900000, 0x0000000087a00000|  0%| F|  |TS  0|AC  0|TAMS 0x0000000087900000, 0x0000000087900000|
|  42|0x0000000087a00000, 0x0000000087a00000, 0x0000000087b00000|  0%| F|  |TS  0|AC  0|TAMS 0x0000000087a00000, 0x0000000087a00000|
|  43|0x0000000087b00000, 0x0000000087b00000, 0x0000000087c00000|  0%| F|  |TS  0|AC  0|TAMS 0x0000000087b00000, 0x0000000087b00000|
|  44|0x0000000087c00000, 0x0000000087c00000, 0x0000000087d00000|  0%| F|  |TS  0|AC  0|TAMS 0x0000000087c00000, 0x0000000087c00000|
|  45|0x0000000087d00000, 0x0000000087d00000, 0x0000000087e00000|  0%| F|  |TS  0|AC  0|TAMS 0x0000000087d00000, 0x0000000087d00000|
|  46|0x0000000087e00000, 0x0000000087e00000, 0x0000000087f00000|  0%| F|  |TS  0|AC  0|TAMS 0x0000000087e00000, 0x0000000087e00000|
|  47|0x0000000087f00000, 0x0000000087f00000, 0x0000000088000000|  0%| F|  |TS  0|AC  0|TAMS 0x0000000087f00000, 0x0000000087f00000|
|  48|0x0000000088000000, 0x0000000088000000, 0x0000000088100000|  0%| F|  |TS  0|AC  0|TAMS 0x0000000088000000, 0x0000000088000000|
|  49|0x0000000088100000, 0x0000000088100000, 0x0000000088200000|  0%| F|  |TS  0|AC  0|TAMS 0x0000000088100000, 0x0000000088100000|
|  50|0x0000000088200000, 0x0000000088200000, 0x0000000088300000|  0%| F|  |TS  0|AC  0|TAMS 0x0000000088200000, 0x0000000088200000|
|  51|0x0000000088300000, 0x0000000088300000, 0x0000000088400000|  0%| F|  |TS  0|AC  0|TAMS 0x0000000088300000, 0x0000000088300000|
|  52|0x0000000088400000, 0x0000000088400000, 0x0000000088500000|  0%| F|  |TS  0|AC  0|TAMS 0x0000000088400000, 0x0000000088400000|
|  53|0x0000000088500000, 0x0000000088500000, 0x0000000088600000|  0%| F|  |TS  0|AC  0|TAMS 0x0000000088500000, 0x0000000088500000|
|  54|0x0000000088600000, 0x0000000088600000, 0x0000000088700000|  0%| F|  |TS  0|AC  0|TAMS 0x0000000088600000, 0x0000000088600000|
|  55|0x0000000088700000, 0x0000000088700000, 0x0000000088800000|  0%| F|  |TS  0|AC  0|TAMS 0x0000000088700000, 0x0000000088700000|
|  56|0x0000000088800000, 0x0000000088800000, 0x0000000088900000|  0%| F|  |TS  0|AC  0|TAMS 0x0000000088800000, 0x0000000088800000|
|  57|0x0000000088900000, 0x0000000088900000, 0x0000000088a00000|  0%| F|  |TS  0|AC  0|TAMS 0x0000000088900000, 0x0000000088900000|
|  58|0x0000000088a00000, 0x0000000088a00000, 0x0000000088b00000|  0%| F|  |TS  0|AC  0|TAMS 0x0000000088a00000, 0x0000000088a00000|
|  59|0x0000000088b00000, 0x0000000088b00000, 0x0000000088c00000|  0%| F|  |TS  0|AC  0|TAMS 0x0000000088b00000, 0x0000000088b00000|
|  60|0x0000000088c00000, 0x0000000088c00000, 0x0000000088d00000|  0%| F|  |TS  0|AC  0|TAMS 0x0000000088c00000, 0x0000000088c00000|
|  61|0x0000000088d00000, 0x0000000088d00000, 0x0000000088e00000|  0%| F|  |TS  0|AC  0|TAMS 0x0000000088d00000, 0x0000000088d00000|
|  62|0x0000000088e00000, 0x0000000088e00000, 0x0000000088f00000|  0%| F|  |TS  0|AC  0|TAMS 0x0000000088e00000, 0x0000000088e00000|
|  63|0x0000000088f00000, 0x0000000088f00000, 0x0000000089000000|  0%| F|  |TS  0|AC  0|TAMS 0x0000000088f00000, 0x0000000088f00000|
|  64|0x0000000089000000, 0x0000000089000000, 0x0000000089100000|  0%| F|  |TS  0|AC  0|TAMS 0x0000000089000000, 0x0000000089000000|
|  65|0x0000000089100000, 0x0000000089100000, 0x0000000089200000|  0%| F|  |TS  0|AC  0|TAMS 0x0000000089100000, 0x0000000089100000|
|  66|0x0000000089200000, 0x0000000089200000, 0x0000000089300000|  0%| F|  |TS  0|AC  0|TAMS 0x0000000089200000, 0x0000000089200000|
|  67|0x0000000089300000, 0x0000000089300000, 0x0000000089400000|  0%| F|  |TS  0|AC  0|TAMS 0x0000000089300000, 0x0000000089300000|
|  68|0x0000000089400000, 0x0000000089400000, 0x0000000089500000|  0%| F|  |TS  0|AC  0|TAMS 0x0000000089400000, 0x0000000089400000|
|  69|0x0000000089500000, 0x0000000089500000, 0x0000000089600000|  0%| F|  |TS  0|AC  0|TAMS 0x0000000089500000, 0x0000000089500000|
|  70|0x0000000089600000, 0x0000000089600000, 0x0000000089700000|  0%| F|  |TS  0|AC  0|TAMS 0x0000000089600000, 0x0000000089600000|
|  71|0x0000000089700000, 0x0000000089700000, 0x0000000089800000|  0%| F|  |TS  0|AC  0|TAMS 0x0000000089700000, 0x0000000089700000|
|  72|0x0000000089800000, 0x0000000089800000, 0x0000000089900000|  0%| F|  |TS  0|AC  0|TAMS 0x0000000089800000, 0x0000000089800000|
|  73|0x0000000089900000, 0x0000000089900000, 0x0000000089a00000|  0%| F|  |TS  0|AC  0|TAMS 0x0000000089900000, 0x0000000089900000|
|  74|0x0000000089a00000, 0x0000000089a00000, 0x0000000089b00000|  0%| F|  |TS  0|AC  0|TAMS 0x0000000089a00000, 0x0000000089a00000|
|  75|0x0000000089b00000, 0x0000000089b00000, 0x0000000089c00000|  0%| F|  |TS  0|AC  0|TAMS 0x0000000089b00000, 0x0000000089b00000|
|  76|0x0000000089c00000, 0x0000000089c00000, 0x0000000089d00000|  0%| F|  |TS  0|AC  0|TAMS 0x0000000089c00000, 0x0000000089c00000|
|  77|0x0000000089d00000, 0x0000000089d00000, 0x0000000089e00000|  0%| F|  |TS  0|AC  0|TAMS 0x0000000089d00000, 0x0000000089d00000|
|  78|0x0000000089e00000, 0x0000000089e00000, 0x0000000089f00000|  0%| F|  |TS  0|AC  0|TAMS 0x0000000089e00000, 0x0000000089e00000|
|  79|0x0000000089f00000, 0x0000000089f00000, 0x000000008a000000|  0%| F|  |TS  0|AC  0|TAMS 0x0000000089f00000, 0x0000000089f00000|
|  80|0x000000008a000000, 0x000000008a000000, 0x000000008a100000|  0%| F|  |TS  0|AC  0|TAMS 0x000000008a000000, 0x000000008a000000|
|  81|0x000000008a100000, 0x000000008a100000, 0x000000008a200000|  0%| F|  |TS  0|AC  0|TAMS 0x000000008a100000, 0x000000008a100000|
|  82|0x000000008a200000, 0x000000008a200000, 0x000000008a300000|  0%| F|  |TS  0|AC  0|TAMS 0x000000008a200000, 0x000000008a200000|
|  83|0x000000008a300000, 0x000000008a300000, 0x000000008a400000|  0%| F|  |TS  0|AC  0|TAMS 0x000000008a300000, 0x000000008a300000|
|  84|0x000000008a400000, 0x000000008a400000, 0x000000008a500000|  0%| F|  |TS  0|AC  0|TAMS 0x000000008a400000, 0x000000008a400000|
|  85|0x000000008a500000, 0x000000008a500000, 0x000000008a600000|  0%| F|  |TS  0|AC  0|TAMS 0x000000008a500000, 0x000000008a500000|
|  86|0x000000008a600000, 0x000000008a600000, 0x000000008a700000|  0%| F|  |TS  0|AC  0|TAMS 0x000000008a600000, 0x000000008a600000|
|  87|0x000000008a700000, 0x000000008a700000, 0x000000008a800000|  0%| F|  |TS  0|AC  0|TAMS 0x000000008a700000, 0x000000008a700000|
|  88|0x000000008a800000, 0x000000008a800000, 0x000000008a900000|  0%| F|  |TS  0|AC  0|TAMS 0x000000008a800000, 0x000000008a800000|
|  89|0x000000008a900000, 0x000000008a900000, 0x000000008aa00000|  0%| F|  |TS  0|AC  0|TAMS 0x000000008a900000, 0x000000008a900000|
|  90|0x000000008aa00000, 0x000000008aa00000, 0x000000008ab00000|  0%| F|  |TS  0|AC  0|TAMS 0x000000008aa00000, 0x000000008aa00000|
|  91|0x000000008ab00000, 0x000000008ab00000, 0x000000008ac00000|  0%| F|  |TS  0|AC  0|TAMS 0x000000008ab00000, 0x000000008ab00000|
|  92|0x000000008ac00000, 0x000000008ac00000, 0x000000008ad00000|  0%| F|  |TS  0|AC  0|TAMS 0x000000008ac00000, 0x000000008ac00000|
|  93|0x000000008ad00000, 0x000000008ad00000, 0x000000008ae00000|  0%| F|  |TS  0|AC  0|TAMS 0x000000008ad00000, 0x000000008ad00000|
|  94|0x000000008ae00000, 0x000000008ae00000, 0x000000008af00000|  0%| F|  |TS  0|AC  0|TAMS 0x000000008ae00000, 0x000000008ae00000|
|  95|0x000000008af00000, 0x000000008af00000, 0x000000008b000000|  0%| F|  |TS  0|AC  0|TAMS 0x000000008af00000, 0x000000008af00000|
|  96|0x000000008b000000, 0x000000008b000000, 0x000000008b100000|  0%| F|  |TS  0|AC  0|TAMS 0x000000008b000000, 0x000000008b000000|
|  97|0x000000008b100000, 0x000000008b100000, 0x000000008b200000|  0%| F|  |TS  0|AC  0|TAMS 0x000000008b100000, 0x000000008b100000|
|  98|0x000000008b200000, 0x000000008b200000, 0x000000008b300000|  0%| F|  |TS  0|AC  0|TAMS 0x000000008b200000, 0x000000008b200000|
|  99|0x000000008b300000, 0x000000008b300000, 0x000000008b400000|  0%| F|  |TS  0|AC  0|TAMS 0x000000008b300000, 0x000000008b300000|
| 100|0x000000008b400000, 0x000000008b400000, 0x000000008b500000|  0%| F|  |TS  0|AC  0|TAMS 0x000000008b400000, 0x000000008b400000|
| 101|0x000000008b500000, 0x000000008b500800, 0x000000008b600000|  0%| E|  |TS  0|AC  0|TAMS 0x000000008b500000, 0x000000008b500000|
| 102|0x000000008b600000, 0x000000008b700000, 0x000000008b700000|100%| E|CS|TS  0|AC  0|TAMS 0x000000008b600000, 0x000000008b600000|
| 103|0x000000008b700000, 0x000000008b800000, 0x000000008b800000|100%| E|CS|TS  0|AC  0|TAMS 0x000000008b700000, 0x000000008b700000|
| 104|0x000000008b800000, 0x000000008b900000, 0x000000008b900000|100%| E|CS|TS  0|AC  0|TAMS 0x000000008b800000, 0x000000008b800000|
| 105|0x000000008b900000, 0x000000008ba00000, 0x000000008ba00000|100%| E|CS|TS  0|AC  0|TAMS 0x000000008b900000, 0x000000008b900000|
| 106|0x000000008ba00000, 0x000000008bb00000, 0x000000008bb00000|100%| E|CS|TS  0|AC  0|TAMS 0x000000008ba00000, 0x000000008ba00000|
| 107|0x000000008bb00000, 0x000000008bc00000, 0x000000008bc00000|100%| E|CS|TS  0|AC  0|TAMS 0x000000008bb00000, 0x000000008bb00000|
| 108|0x000000008bc00000, 0x000000008bd00000, 0x000000008bd00000|100%| E|CS|TS  0|AC  0|TAMS 0x000000008bc00000, 0x000000008bc00000|
| 109|0x000000008bd00000, 0x000000008be00000, 0x000000008be00000|100%| E|CS|TS  0|AC  0|TAMS 0x000000008bd00000, 0x000000008bd00000|
| 110|0x000000008be00000, 0x000000008bf00000, 0x000000008bf00000|100%| E|CS|TS  0|AC  0|TAMS 0x000000008be00000, 0x000000008be00000|
| 111|0x000000008bf00000, 0x000000008c000000, 0x000000008c000000|100%| E|CS|TS  0|AC  0|TAMS 0x000000008bf00000, 0x000000008bf00000|
| 112|0x000000008c000000, 0x000000008c100000, 0x000000008c100000|100%| E|CS|TS  0|AC  0|TAMS 0x000000008c000000, 0x000000008c000000|
| 113|0x000000008c100000, 0x000000008c200000, 0x000000008c200000|100%| E|CS|TS  0|AC  0|TAMS 0x000000008c100000, 0x000000008c100000|
| 114|0x000000008c200000, 0x000000008c300000, 0x000000008c300000|100%| E|CS|TS  0|AC  0|TAMS 0x000000008c200000, 0x000000008c200000|
| 115|0x000000008c300000, 0x000000008c400000, 0x000000008c400000|100%| E|CS|TS  0|AC  0|TAMS 0x000000008c300000, 0x000000008c300000|
| 116|0x000000008c400000, 0x000000008c500000, 0x000000008c500000|100%| S|CS|TS  1|AC  0|TAMS 0x000000008c400000, 0x000000008c400000|
| 117|0x000000008c500000, 0x000000008c600000, 0x000000008c600000|100%| E|CS|TS  0|AC  0|TAMS 0x000000008c500000, 0x000000008c500000|
| 118|0x000000008c600000, 0x000000008c700000, 0x000000008c700000|100%| E|CS|TS  0|AC  0|TAMS 0x000000008c600000, 0x000000008c600000|
| 119|0x000000008c700000, 0x000000008c800000, 0x000000008c800000|100%| E|CS|TS  0|AC  0|TAMS 0x000000008c700000, 0x000000008c700000|
| 120|0x000000008c800000, 0x000000008c900000, 0x000000008c900000|100%| E|CS|TS  0|AC  0|TAMS 0x000000008c800000, 0x000000008c800000|
| 121|0x000000008c900000, 0x000000008ca00000, 0x000000008ca00000|100%| E|CS|TS  0|AC  0|TAMS 0x000000008c900000, 0x000000008c900000|
| 122|0x000000008ca00000, 0x000000008cb00000, 0x000000008cb00000|100%| E|CS|TS  0|AC  0|TAMS 0x000000008ca00000, 0x000000008ca00000|
| 123|0x000000008cb00000, 0x000000008cc00000, 0x000000008cc00000|100%| E|CS|TS  0|AC  0|TAMS 0x000000008cb00000, 0x000000008cb00000|

Card table byte_map: [0x00007f9dc10c9000,0x00007f9dc14a1000] byte_map_base: 0x00007f9dc0ca1000

Marking Bits (Prev, Next): (CMBitMap*) 0x00007f9dd80600a0, (CMBitMap*) 0x00007f9dd80600f8
 Prev Bits: [0x00007f9d9a140000, 0x00007f9d9c000000)
 Next Bits: [0x00007f9d98280000, 0x00007f9d9a140000)

Polling page: 0x00007f9de0a32000

CodeHeap 'non-nmethods': size=5696Kb used=1184Kb max_used=1220Kb free=4512Kb
 bounds [0x00007f9dc1c51000, 0x00007f9dc1ec1000, 0x00007f9dc21e1000]
CodeHeap 'profiled nmethods': size=120032Kb used=1789Kb max_used=1789Kb free=118242Kb
 bounds [0x00007f9dc21e1000, 0x00007f9dc2451000, 0x00007f9dc9719000]
CodeHeap 'non-profiled nmethods': size=120032Kb used=312Kb max_used=312Kb free=119719Kb
 bounds [0x00007f9dc9719000, 0x00007f9dc9989000, 0x00007f9dd0c51000]
 total_blobs=1509 nmethods=917 adapters=307
 compilation: enabled

Compilation events (10 events):
Event: 17.223 Thread 0x00007f9dd818a000 nmethod 845 0x00007f9dc9761290 code [0x00007f9dc97615a0, 0x00007f9dc9763c38]
Event: 17.223 Thread 0x00007f9dd818a000  855       4       java.nio.CharBuffer::length (5 bytes)
Event: 17.224 Thread 0x00007f9dd818a000 nmethod 855 0x00007f9dc9765290 code [0x00007f9dc97653e0, 0x00007f9dc9765438]
Event: 17.224 Thread 0x00007f9dd818a000  880       4       java.lang.Math::max (11 bytes)
Event: 17.224 Thread 0x00007f9dd818a000 nmethod 880 0x00007f9dc9765490 code [0x00007f9dc97655e0, 0x00007f9dc9765638]
Event: 17.224 Thread 0x00007f9dd818a000  870       4       java.lang.AbstractStringBuilder::append (45 bytes)
Event: 17.228 Thread 0x00007f9dd8188000 nmethod 847 0x00007f9dc9765690 code [0x00007f9dc9765800, 0x00007f9dc9765d78]
Event: 17.228 Thread 0x00007f9dd8188000  878       4       java.nio.Buffer::position (55 bytes)
Event: 17.229 Thread 0x00007f9dd8188000 nmethod 878 0x00007f9dc9765f10 code [0x00007f9dc9766080, 0x00007f9dc9766138]
Event: 17.232 Thread 0x00007f9dd818a000 nmethod 870 0x00007f9dc9766210 code [0x00007f9dc97663c0, 0x00007f9dc9766a38]

GC Heap History (2 events):
Event: 0.236 GC heap before
{Heap before GC invocations=0 (full 0):
 garbage-first heap   total 126976K, used 7168K [0x0000000085000000, 0x00000000851003e0, 0x0000000100000000)
  region size 1024K, 7 young (7168K), 0 survivors (0K)
 Metaspace       used 7196K, capacity 7398K, committed 7552K, reserved 1056768K
  class space    used 785K, capacity 852K, committed 896K, reserved 1048576K
}
Event: 0.238 GC heap after
{Heap after GC invocations=1 (full 0):
 garbage-first heap   total 126976K, used 2381K [0x0000000085000000, 0x00000000851003e0, 0x0000000100000000)
  region size 1024K, 1 young (1024K), 1 survivors (1024K)
 Metaspace       used 7196K, capacity 7398K, committed 7552K, reserved 1056768K
  class space    used 785K, capacity 852K, committed 896K, reserved 1048576K
}

Deoptimization events (10 events):
Event: 12.019 Thread 0x00007f9d5007c000 Uncommon trap: reason=unstable_if action=reinterpret pc=0x00007f9dc9743e00 method=java.lang.AbstractStringBuilder.append(Ljava/lang/String;)Ljava/lang/AbstractStringBuilder; @ 1
Event: 12.271 Thread 0x00007f9d4000b800 Uncommon trap: reason=unstable_if action=reinterpret pc=0x00007f9dc9750840 method=sun.security.provider.SeedGenerator$ThreadedSeedGenerator.run()V @ 120
Event: 17.074 Thread 0x00007f9d5007c000 Uncommon trap: reason=unstable_if action=reinterpret pc=0x00007f9dc97267f4 method=java.lang.String.charAt(I)C @ 4
Event: 17.075 Thread 0x00007f9d5007c000 Uncommon trap: reason=unstable_if action=reinterpret pc=0x00007f9dc97435c0 method=java.lang.String.getBytes([BIB)V @ 5
Event: 17.156 Thread 0x00007f9d5007c000 Uncommon trap: reason=unstable_if action=reinterpret pc=0x00007f9dc9756374 method=java.util.regex.Matcher.reset()Ljava/util/regex/Matcher; @ 47
Event: 17.156 Thread 0x00007f9d5007c000 Uncommon trap: reason=class_check action=maybe_recompile pc=0x00007f9dc9755474 method=java.lang.Character.codePointAt(Ljava/lang/CharSequence;I)I @ 2
Event: 17.157 Thread 0x00007f9d5007c000 Uncommon trap: reason=class_check action=maybe_recompile pc=0x00007f9dc9755474 method=java.lang.Character.codePointAt(Ljava/lang/CharSequence;I)I @ 2
Event: 17.157 Thread 0x00007f9d5007c000 Uncommon trap: reason=class_check action=maybe_recompile pc=0x00007f9dc9755474 method=java.lang.Character.codePointAt(Ljava/lang/CharSequence;I)I @ 2
Event: 17.157 Thread 0x00007f9d5007c000 Uncommon trap: reason=class_check action=maybe_recompile pc=0x00007f9dc9755474 method=java.lang.Character.codePointAt(Ljava/lang/CharSequence;I)I @ 2
Event: 17.157 Thread 0x00007f9d5007c000 Uncommon trap: reason=class_check action=maybe_recompile pc=0x00007f9dc9755db4 method=java.lang.Character.codePointAt(Ljava/lang/CharSequence;I)I @ 2

Classes redefined (0 events):
No events

Internal exceptions (7 events):
Event: 0.183 Thread 0x00007f9dd82d9000 Exception <a 'java/io/FileNotFoundException'> (0x000000008c605468) thrown at [/build/openjdk-9-argm_o/openjdk-9-9~b114/src/hotspot/src/share/vm/prims/jni.cpp, line 605]
Event: 0.191 Thread 0x00007f9dd82d9000 Exception <a 'java/lang/NoSuchMethodError': java.lang.Object.lambda$identity$2(Ljava/lang/Object;)Ljava/lang/Object;> (0x000000008c632e70) thrown at [/build/openjdk-9-argm_o/openjdk-9-9~b114/src/hotspot/src/share/vm/interpreter/linkResolver.cpp, line 728]
Event: 12.019 Thread 0x00007f9d5007c000 Implicit null exception at 0x00007f9dc97438d4 to 0x00007f9dc9743ded
Event: 17.060 Thread 0x00007f9d5007c000 Exception <a 'java/lang/ArrayIndexOutOfBoundsException': 18> (0x000000008be584c8) thrown at [/build/openjdk-9-argm_o/openjdk-9-9~b114/src/hotspot/src/share/vm/interpreter/interpreterRuntime.cpp, line 379]
Event: 17.061 Thread 0x00007f9d5007c000 Exception <a 'java/lang/ArrayIndexOutOfBoundsException': 139> (0x000000008be5c490) thrown at [/build/openjdk-9-argm_o/openjdk-9-9~b114/src/hotspot/src/share/vm/interpreter/interpreterRuntime.cpp, line 379]
Event: 17.062 Thread 0x00007f9d5007c000 Exception <a 'java/lang/ArrayIndexOutOfBoundsException'> (0x000000008be61930) thrown at [/build/openjdk-9-argm_o/openjdk-9-9~b114/src/hotspot/src/share/vm/runtime/sharedRuntime.cpp, line 595]
Event: 17.063 Thread 0x00007f9d5007c000 Exception <a 'java/lang/ArrayIndexOutOfBoundsException'> (0x000000008be62c60) thrown at [/build/openjdk-9-argm_o/openjdk-9-9~b114/src/hotspot/src/share/vm/runtime/sharedRuntime.cpp, line 595]

Events (10 events):
Event: 21.522 Executing VM operation: RevokeBias
Event: 21.522 Executing VM operation: RevokeBias done
Event: 21.522 Thread 0x00007f9d4c005000 Thread exited: 0x00007f9d4c005000
Event: 21.771 Thread 0x00007f9d4c005000 Thread added: 0x00007f9d4c005000
Event: 21.772 Executing VM operation: RevokeBias
Event: 21.772 Executing VM operation: RevokeBias done
Event: 21.772 Thread 0x00007f9d4c003800 Thread exited: 0x00007f9d4c003800
Event: 22.022 Executing VM operation: RevokeBias
Event: 22.022 Executing VM operation: RevokeBias done
Event: 22.022 Thread 0x00007f9d4c005000 Thread exited: 0x00007f9d4c005000


Dynamic libraries:
00400000-00401000 r-xp 00000000 08:06 3554032                            /usr/lib/jvm/java-9-openjdk-amd64/bin/java
00600000-00601000 r--p 00000000 08:06 3554032                            /usr/lib/jvm/java-9-openjdk-amd64/bin/java
00601000-00602000 rw-p 00001000 08:06 3554032                            /usr/lib/jvm/java-9-openjdk-amd64/bin/java
01311000-01332000 rw-p 00000000 00:00 0                                  [heap]
85000000-8cc00000 rw-p 00000000 00:00 0 
8cc00000-100000000 ---p 00000000 00:00 0 
100000000-100180000 rw-p 00000000 00:00 0 
100180000-140000000 ---p 00000000 00:00 0 
7f9d38000000-7f9d3804b000 rw-p 00000000 00:00 0 
7f9d3804b000-7f9d3c000000 ---p 00000000 00:00 0 
7f9d40000000-7f9d4005f000 rw-p 00000000 00:00 0 
7f9d4005f000-7f9d44000000 ---p 00000000 00:00 0 
7f9d44000000-7f9d440f6000 rw-p 00000000 00:00 0 
7f9d440f6000-7f9d48000000 ---p 00000000 00:00 0 
7f9d48000000-7f9d48021000 rw-p 00000000 00:00 0 
7f9d48021000-7f9d4c000000 ---p 00000000 00:00 0 
7f9d4c000000-7f9d4c047000 rw-p 00000000 00:00 0 
7f9d4c047000-7f9d50000000 ---p 00000000 00:00 0 
7f9d50000000-7f9d50125000 rw-p 00000000 00:00 0 
7f9d50125000-7f9d54000000 ---p 00000000 00:00 0 
7f9d54000000-7f9d54071000 rw-p 00000000 00:00 0 
7f9d54071000-7f9d58000000 ---p 00000000 00:00 0 
7f9d58000000-7f9d58021000 rw-p 00000000 00:00 0 
7f9d58021000-7f9d5c000000 ---p 00000000 00:00 0 
7f9d5c000000-7f9d5c021000 rw-p 00000000 00:00 0 
7f9d5c021000-7f9d60000000 ---p 00000000 00:00 0 
7f9d60000000-7f9d60021000 rw-p 00000000 00:00 0 
7f9d60021000-7f9d64000000 ---p 00000000 00:00 0 
7f9d643f7000-7f9d644b7000 rw-p 00000000 00:00 0 
7f9d644b7000-7f9d645f7000 ---p 00000000 00:00 0 
7f9d645f7000-7f9d645fb000 ---p 00000000 00:00 0 
7f9d645fb000-7f9d646f8000 rw-p 00000000 00:00 0 
7f9d646f8000-7f9d646fc000 ---p 00000000 00:00 0 
7f9d646fc000-7f9d647f9000 rw-p 00000000 00:00 0 
7f9d647f9000-7f9d647fd000 ---p 00000000 00:00 0 
7f9d647fd000-7f9d64afa000 rw-p 00000000 00:00 0 
7f9d64afa000-7f9d64afe000 ---p 00000000 00:00 0 
7f9d64afe000-7f9d64bfb000 rw-p 00000000 00:00 0 
7f9d64bfb000-7f9d64bff000 ---p 00000000 00:00 0 
7f9d64bff000-7f9d64cfc000 rw-p 00000000 00:00 0 
7f9d64cfc000-7f9d64d00000 ---p 00000000 00:00 0 
7f9d64d00000-7f9d64dfd000 rw-p 00000000 00:00 0 
7f9d64dfd000-7f9d64e01000 ---p 00000000 00:00 0 
7f9d64e01000-7f9d64efe000 rw-p 00000000 00:00 0 
7f9d64efe000-7f9d64f02000 ---p 00000000 00:00 0 
7f9d64f02000-7f9d68000000 rw-p 00000000 00:00 0 
7f9d68000000-7f9d6828f000 rw-p 00000000 00:00 0 
7f9d6828f000-7f9d6c000000 ---p 00000000 00:00 0 
7f9d6c000000-7f9d6c021000 rw-p 00000000 00:00 0 
7f9d6c021000-7f9d70000000 ---p 00000000 00:00 0 
7f9d70000000-7f9d704ae000 rw-p 00000000 00:00 0 
7f9d704ae000-7f9d74000000 ---p 00000000 00:00 0 
7f9d74000000-7f9d74420000 rw-p 00000000 00:00 0 
7f9d74420000-7f9d78000000 ---p 00000000 00:00 0 
7f9d78000000-7f9d78021000 rw-p 00000000 00:00 0 
7f9d78021000-7f9d7c000000 ---p 00000000 00:00 0 
7f9d7c000000-7f9d7c021000 rw-p 00000000 00:00 0 
7f9d7c021000-7f9d80000000 ---p 00000000 00:00 0 
7f9d80000000-7f9d80021000 rw-p 00000000 00:00 0 
7f9d80021000-7f9d84000000 ---p 00000000 00:00 0 
7f9d84000000-7f9d84021000 rw-p 00000000 00:00 0 
7f9d84021000-7f9d88000000 ---p 00000000 00:00 0 
7f9d88000000-7f9d880b2000 rw-p 00000000 00:00 0 
7f9d880b2000-7f9d8c000000 ---p 00000000 00:00 0 
7f9d8c000000-7f9d8c021000 rw-p 00000000 00:00 0 
7f9d8c021000-7f9d90000000 ---p 00000000 00:00 0 
7f9d900e6000-7f9d900ea000 ---p 00000000 00:00 0 
7f9d900ea000-7f9d901e7000 rw-p 00000000 00:00 0 
7f9d901e7000-7f9d901eb000 ---p 00000000 00:00 0 
7f9d901eb000-7f9d902e8000 rw-p 00000000 00:00 0 
7f9d902e8000-7f9d902ec000 ---p 00000000 00:00 0 
7f9d902ec000-7f9d903e9000 rw-p 00000000 00:00 0 
7f9d903e9000-7f9d903ed000 ---p 00000000 00:00 0 
7f9d903ed000-7f9d904ea000 rw-p 00000000 00:00 0 
7f9d904ea000-7f9d904ee000 ---p 00000000 00:00 0 
7f9d904ee000-7f9d905eb000 rw-p 00000000 00:00 0 
7f9d905eb000-7f9d905f0000 r-xp 00000000 08:06 3554056                    /usr/lib/jvm/java-9-openjdk-amd64/lib/amd64/libmanagement_ext.so
7f9d905f0000-7f9d907ef000 ---p 00005000 08:06 3554056                    /usr/lib/jvm/java-9-openjdk-amd64/lib/amd64/libmanagement_ext.so
7f9d907ef000-7f9d907f0000 r--p 00004000 08:06 3554056                    /usr/lib/jvm/java-9-openjdk-amd64/lib/amd64/libmanagement_ext.so
7f9d907f0000-7f9d907f1000 rw-p 00005000 08:06 3554056                    /usr/lib/jvm/java-9-openjdk-amd64/lib/amd64/libmanagement_ext.so
7f9d907f1000-7f9d907f6000 r-xp 00000000 08:06 3554070                    /usr/lib/jvm/java-9-openjdk-amd64/lib/amd64/libmanagement.so
7f9d907f6000-7f9d909f5000 ---p 00005000 08:06 3554070                    /usr/lib/jvm/java-9-openjdk-amd64/lib/amd64/libmanagement.so
7f9d909f5000-7f9d909f6000 r--p 00004000 08:06 3554070                    /usr/lib/jvm/java-9-openjdk-amd64/lib/amd64/libmanagement.so
7f9d909f6000-7f9d909f7000 rw-p 00005000 08:06 3554070                    /usr/lib/jvm/java-9-openjdk-amd64/lib/amd64/libmanagement.so
7f9d909f7000-7f9d909fb000 ---p 00000000 00:00 0 
7f9d909fb000-7f9d90af8000 rw-p 00000000 00:00 0 
7f9d90af8000-7f9d90af9000 ---p 00000000 00:00 0 
7f9d90af9000-7f9d90bf9000 rw-p 00000000 00:00 0 
7f9d90bf9000-7f9d90bfd000 ---p 00000000 00:00 0 
7f9d90bfd000-7f9d90cfa000 rw-p 00000000 00:00 0 
7f9d90cfa000-7f9d90cfe000 ---p 00000000 00:00 0 
7f9d90cfe000-7f9d90dfb000 rw-p 00000000 00:00 0 
7f9d90dfb000-7f9d90e11000 r-xp 00000000 08:06 3554053                    /usr/lib/jvm/java-9-openjdk-amd64/lib/amd64/libnet.so
7f9d90e11000-7f9d91010000 ---p 00016000 08:06 3554053                    /usr/lib/jvm/java-9-openjdk-amd64/lib/amd64/libnet.so
7f9d91010000-7f9d91011000 r--p 00015000 08:06 3554053                    /usr/lib/jvm/java-9-openjdk-amd64/lib/amd64/libnet.so
7f9d91011000-7f9d91012000 rw-p 00016000 08:06 3554053                    /usr/lib/jvm/java-9-openjdk-amd64/lib/amd64/libnet.so
7f9d91012000-7f9d91023000 r-xp 00000000 08:06 3554080                    /usr/lib/jvm/java-9-openjdk-amd64/lib/amd64/libnio.so
7f9d91023000-7f9d91223000 ---p 00011000 08:06 3554080                    /usr/lib/jvm/java-9-openjdk-amd64/lib/amd64/libnio.so
7f9d91223000-7f9d91224000 r--p 00011000 08:06 3554080                    /usr/lib/jvm/java-9-openjdk-amd64/lib/amd64/libnio.so
7f9d91224000-7f9d91225000 rw-p 00012000 08:06 3554080                    /usr/lib/jvm/java-9-openjdk-amd64/lib/amd64/libnio.so
7f9d91225000-7f9d91229000 ---p 00000000 00:00 0 
7f9d91229000-7f9d91326000 rw-p 00000000 00:00 0 
7f9d91326000-7f9d9132a000 ---p 00000000 00:00 0 
7f9d9132a000-7f9d91427000 rw-p 00000000 00:00 0 
7f9d91427000-7f9d9142b000 ---p 00000000 00:00 0 
7f9d9142b000-7f9d91528000 rw-p 00000000 00:00 0 
7f9d91528000-7f9d91800000 r--p 00000000 08:06 3408920                    /usr/lib/locale/locale-archive
7f9d91800000-7f9d94000000 rw-p 00000000 00:00 0 
7f9d94000000-7f9d94021000 rw-p 00000000 00:00 0 
7f9d94021000-7f9d98000000 ---p 00000000 00:00 0 
7f9d9807e000-7f9d98082000 ---p 00000000 00:00 0 
7f9d98082000-7f9d9817f000 rw-p 00000000 00:00 0 
7f9d9817f000-7f9d98183000 ---p 00000000 00:00 0 
7f9d98183000-7f9d98470000 rw-p 00000000 00:00 0 
7f9d98470000-7f9d9a140000 ---p 00000000 00:00 0 
7f9d9a140000-7f9d9a330000 rw-p 00000000 00:00 0 
7f9d9a330000-7f9d9c000000 ---p 00000000 00:00 0 
7f9d9c000000-7f9d9c021000 rw-p 00000000 00:00 0 
7f9d9c021000-7f9da0000000 ---p 00000000 00:00 0 
7f9da0000000-7f9da0021000 rw-p 00000000 00:00 0 
7f9da0021000-7f9da4000000 ---p 00000000 00:00 0 
7f9da4000000-7f9da4021000 rw-p 00000000 00:00 0 
7f9da4021000-7f9da8000000 ---p 00000000 00:00 0 
7f9da8000000-7f9da8021000 rw-p 00000000 00:00 0 
7f9da8021000-7f9dac000000 ---p 00000000 00:00 0 
7f9dac000000-7f9dac021000 rw-p 00000000 00:00 0 
7f9dac021000-7f9db0000000 ---p 00000000 00:00 0 
7f9db0000000-7f9db0021000 rw-p 00000000 00:00 0 
7f9db0021000-7f9db4000000 ---p 00000000 00:00 0 
7f9db4000000-7f9db4021000 rw-p 00000000 00:00 0 
7f9db4021000-7f9db8000000 ---p 00000000 00:00 0 
7f9db8000000-7f9db8021000 rw-p 00000000 00:00 0 
7f9db8021000-7f9dbc000000 ---p 00000000 00:00 0 
7f9dbc000000-7f9dbc021000 rw-p 00000000 00:00 0 
7f9dbc021000-7f9dc0000000 ---p 00000000 00:00 0 
7f9dc0081000-7f9dc0085000 ---p 00000000 00:00 0 
7f9dc0085000-7f9dc0182000 rw-p 00000000 00:00 0 
7f9dc0182000-7f9dc0186000 ---p 00000000 00:00 0 
7f9dc0186000-7f9dc0283000 rw-p 00000000 00:00 0 
7f9dc0283000-7f9dc0287000 ---p 00000000 00:00 0 
7f9dc0287000-7f9dc0384000 rw-p 00000000 00:00 0 
7f9dc0384000-7f9dc0385000 ---p 00000000 00:00 0 
7f9dc0385000-7f9dc0aef000 rw-p 00000000 00:00 0 
7f9dc0aef000-7f9dc0af0000 ---p 00000000 00:00 0 
7f9dc0af0000-7f9dc0bf0000 rw-p 00000000 00:00 0 
7f9dc0bf0000-7f9dc0bf1000 ---p 00000000 00:00 0 
7f9dc0bf1000-7f9dc0d2f000 rw-p 00000000 00:00 0 
7f9dc0d2f000-7f9dc10c9000 ---p 00000000 00:00 0 
7f9dc10c9000-7f9dc1107000 rw-p 00000000 00:00 0 
7f9dc1107000-7f9dc1879000 ---p 00000000 00:00 0 
7f9dc1879000-7f9dc18b7000 rw-p 00000000 00:00 0 
7f9dc18b7000-7f9dc1c51000 ---p 00000000 00:00 0 
7f9dc1c51000-7f9dc1ec1000 rwxp 00000000 00:00 0 
7f9dc1ec1000-7f9dc21e1000 ---p 00000000 00:00 0 
7f9dc21e1000-7f9dc2451000 rwxp 00000000 00:00 0 
7f9dc2451000-7f9dc9719000 ---p 00000000 00:00 0 
7f9dc9719000-7f9dc9989000 rwxp 00000000 00:00 0 
7f9dc9989000-7f9dd0c51000 ---p 00000000 00:00 0 
7f9dd0c51000-7f9dd8000000 r--s 00000000 08:06 3554037                    /usr/lib/jvm/java-9-openjdk-amd64/lib/modules
7f9dd8000000-7f9dd82ee000 rw-p 00000000 00:00 0 
7f9dd82ee000-7f9ddc000000 ---p 00000000 00:00 0 
7f9ddc05e000-7f9ddc05f000 ---p 00000000 00:00 0 
7f9ddc05f000-7f9ddc15f000 rw-p 00000000 00:00 0 
7f9ddc15f000-7f9ddc160000 ---p 00000000 00:00 0 
7f9ddc160000-7f9ddc260000 rw-p 00000000 00:00 0 
7f9ddc260000-7f9ddc261000 ---p 00000000 00:00 0 
7f9ddc261000-7f9ddc361000 rw-p 00000000 00:00 0 
7f9ddc361000-7f9ddc362000 ---p 00000000 00:00 0 
7f9ddc362000-7f9ddc462000 rw-p 00000000 00:00 0 
7f9ddc462000-7f9ddc463000 ---p 00000000 00:00 0 
7f9ddc463000-7f9ddc967000 rw-p 00000000 00:00 0 
7f9ddc967000-7f9ddc968000 ---p 00000000 00:00 0 
7f9ddc968000-7f9ddca68000 rw-p 00000000 00:00 0 
7f9ddca68000-7f9ddca69000 ---p 00000000 00:00 0 
7f9ddca69000-7f9ddcb69000 rw-p 00000000 00:00 0 
7f9ddcb69000-7f9ddcb6a000 ---p 00000000 00:00 0 
7f9ddcb6a000-7f9ddcc6a000 rw-p 00000000 00:00 0 
7f9ddcc6a000-7f9ddcc6b000 ---p 00000000 00:00 0 
7f9ddcc6b000-7f9ddcd70000 rw-p 00000000 00:00 0 
7f9ddcd70000-7f9ddce56000 ---p 00000000 00:00 0 
7f9ddce56000-7f9ddce5b000 rw-p 00000000 00:00 0 
7f9ddce5b000-7f9ddcf41000 ---p 00000000 00:00 0 
7f9ddcf41000-7f9ddcf46000 r-xp 00000000 08:06 3554067                    /usr/lib/jvm/java-9-openjdk-amd64/lib/amd64/libjimage.so
7f9ddcf46000-7f9ddd145000 ---p 00005000 08:06 3554067                    /usr/lib/jvm/java-9-openjdk-amd64/lib/amd64/libjimage.so
7f9ddd145000-7f9ddd146000 r--p 00004000 08:06 3554067                    /usr/lib/jvm/java-9-openjdk-amd64/lib/amd64/libjimage.so
7f9ddd146000-7f9ddd147000 rw-p 00005000 08:06 3554067                    /usr/lib/jvm/java-9-openjdk-amd64/lib/amd64/libjimage.so
7f9ddd147000-7f9ddd14e000 r-xp 00000000 08:06 3554063                    /usr/lib/jvm/java-9-openjdk-amd64/lib/amd64/libzip.so
7f9ddd14e000-7f9ddd34d000 ---p 00007000 08:06 3554063                    /usr/lib/jvm/java-9-openjdk-amd64/lib/amd64/libzip.so
7f9ddd34d000-7f9ddd34e000 r--p 00006000 08:06 3554063                    /usr/lib/jvm/java-9-openjdk-amd64/lib/amd64/libzip.so
7f9ddd34e000-7f9ddd34f000 rw-p 00007000 08:06 3554063                    /usr/lib/jvm/java-9-openjdk-amd64/lib/amd64/libzip.so
7f9ddd34f000-7f9ddd35a000 r-xp 00000000 08:06 1583021                    /lib/x86_64-linux-gnu/libnss_files-2.23.so
7f9ddd35a000-7f9ddd559000 ---p 0000b000 08:06 1583021                    /lib/x86_64-linux-gnu/libnss_files-2.23.so
7f9ddd559000-7f9ddd55a000 r--p 0000a000 08:06 1583021                    /lib/x86_64-linux-gnu/libnss_files-2.23.so
7f9ddd55a000-7f9ddd55b000 rw-p 0000b000 08:06 1583021                    /lib/x86_64-linux-gnu/libnss_files-2.23.so
7f9ddd55b000-7f9ddd561000 rw-p 00000000 00:00 0 
7f9ddd561000-7f9ddd56c000 r-xp 00000000 08:06 1583025                    /lib/x86_64-linux-gnu/libnss_nis-2.23.so
7f9ddd56c000-7f9ddd76b000 ---p 0000b000 08:06 1583025                    /lib/x86_64-linux-gnu/libnss_nis-2.23.so
7f9ddd76b000-7f9ddd76c000 r--p 0000a000 08:06 1583025                    /lib/x86_64-linux-gnu/libnss_nis-2.23.so
7f9ddd76c000-7f9ddd76d000 rw-p 0000b000 08:06 1583025                    /lib/x86_64-linux-gnu/libnss_nis-2.23.so
7f9ddd76d000-7f9ddd783000 r-xp 00000000 08:06 1578024                    /lib/x86_64-linux-gnu/libnsl-2.23.so
7f9ddd783000-7f9ddd982000 ---p 00016000 08:06 1578024                    /lib/x86_64-linux-gnu/libnsl-2.23.so
7f9ddd982000-7f9ddd983000 r--p 00015000 08:06 1578024                    /lib/x86_64-linux-gnu/libnsl-2.23.so
7f9ddd983000-7f9ddd984000 rw-p 00016000 08:06 1578024                    /lib/x86_64-linux-gnu/libnsl-2.23.so
7f9ddd984000-7f9ddd986000 rw-p 00000000 00:00 0 
7f9ddd986000-7f9ddd98e000 r-xp 00000000 08:06 1583016                    /lib/x86_64-linux-gnu/libnss_compat-2.23.so
7f9ddd98e000-7f9dddb8d000 ---p 00008000 08:06 1583016                    /lib/x86_64-linux-gnu/libnss_compat-2.23.so
7f9dddb8d000-7f9dddb8e000 r--p 00007000 08:06 1583016                    /lib/x86_64-linux-gnu/libnss_compat-2.23.so
7f9dddb8e000-7f9dddb8f000 rw-p 00008000 08:06 1583016                    /lib/x86_64-linux-gnu/libnss_compat-2.23.so
7f9dddb8f000-7f9dddbba000 r-xp 00000000 08:06 3554046                    /usr/lib/jvm/java-9-openjdk-amd64/lib/amd64/libjava.so
7f9dddbba000-7f9ddddb9000 ---p 0002b000 08:06 3554046                    /usr/lib/jvm/java-9-openjdk-amd64/lib/amd64/libjava.so
7f9ddddb9000-7f9ddddba000 r--p 0002a000 08:06 3554046                    /usr/lib/jvm/java-9-openjdk-amd64/lib/amd64/libjava.so
7f9ddddba000-7f9ddddbc000 rw-p 0002b000 08:06 3554046                    /usr/lib/jvm/java-9-openjdk-amd64/lib/amd64/libjava.so
7f9ddddbc000-7f9ddddc9000 r-xp 00000000 08:06 3554047                    /usr/lib/jvm/java-9-openjdk-amd64/lib/amd64/libverify.so
7f9ddddc9000-7f9dddfc8000 ---p 0000d000 08:06 3554047                    /usr/lib/jvm/java-9-openjdk-amd64/lib/amd64/libverify.so
7f9dddfc8000-7f9dddfca000 r--p 0000c000 08:06 3554047                    /usr/lib/jvm/java-9-openjdk-amd64/lib/amd64/libverify.so
7f9dddfca000-7f9dddfcb000 rw-p 0000e000 08:06 3554047                    /usr/lib/jvm/java-9-openjdk-amd64/lib/amd64/libverify.so
7f9dddfcb000-7f9dddfd2000 r-xp 00000000 08:06 1583026                    /lib/x86_64-linux-gnu/librt-2.23.so
7f9dddfd2000-7f9dde1d1000 ---p 00007000 08:06 1583026                    /lib/x86_64-linux-gnu/librt-2.23.so
7f9dde1d1000-7f9dde1d2000 r--p 00006000 08:06 1583026                    /lib/x86_64-linux-gnu/librt-2.23.so
7f9dde1d2000-7f9dde1d3000 rw-p 00007000 08:06 1583026                    /lib/x86_64-linux-gnu/librt-2.23.so
7f9dde1d3000-7f9dde1e9000 r-xp 00000000 08:06 1577897                    /lib/x86_64-linux-gnu/libgcc_s.so.1
7f9dde1e9000-7f9dde3e8000 ---p 00016000 08:06 1577897                    /lib/x86_64-linux-gnu/libgcc_s.so.1
7f9dde3e8000-7f9dde3e9000 rw-p 00015000 08:06 1577897                    /lib/x86_64-linux-gnu/libgcc_s.so.1
7f9dde3e9000-7f9dde4f1000 r-xp 00000000 08:06 1577871                    /lib/x86_64-linux-gnu/libm-2.23.so
7f9dde4f1000-7f9dde6f0000 ---p 00108000 08:06 1577871                    /lib/x86_64-linux-gnu/libm-2.23.so
7f9dde6f0000-7f9dde6f1000 r--p 00107000 08:06 1577871                    /lib/x86_64-linux-gnu/libm-2.23.so
7f9dde6f1000-7f9dde6f2000 rw-p 00108000 08:06 1577871                    /lib/x86_64-linux-gnu/libm-2.23.so
7f9dde6f2000-7f9dde864000 r-xp 00000000 08:06 3409521                    /usr/lib/x86_64-linux-gnu/libstdc++.so.6.0.21
7f9dde864000-7f9ddea64000 ---p 00172000 08:06 3409521                    /usr/lib/x86_64-linux-gnu/libstdc++.so.6.0.21
7f9ddea64000-7f9ddea6e000 r--p 00172000 08:06 3409521                    /usr/lib/x86_64-linux-gnu/libstdc++.so.6.0.21
7f9ddea6e000-7f9ddea70000 rw-p 0017c000 08:06 3409521                    /usr/lib/x86_64-linux-gnu/libstdc++.so.6.0.21
7f9ddea70000-7f9ddea74000 rw-p 00000000 00:00 0 
7f9ddea74000-7f9ddf8d2000 r-xp 00000000 08:06 3554060                    /usr/lib/jvm/java-9-openjdk-amd64/lib/amd64/server/libjvm.so
7f9ddf8d2000-7f9ddfad2000 ---p 00e5e000 08:06 3554060                    /usr/lib/jvm/java-9-openjdk-amd64/lib/amd64/server/libjvm.so
7f9ddfad2000-7f9ddfb84000 r--p 00e5e000 08:06 3554060                    /usr/lib/jvm/java-9-openjdk-amd64/lib/amd64/server/libjvm.so
7f9ddfb84000-7f9ddfbb6000 rw-p 00f10000 08:06 3554060                    /usr/lib/jvm/java-9-openjdk-amd64/lib/amd64/server/libjvm.so
7f9ddfbb6000-7f9ddfbfb000 rw-p 00000000 00:00 0 
7f9ddfbfb000-7f9ddfc13000 r-xp 00000000 08:06 1583000                    /lib/x86_64-linux-gnu/libpthread-2.23.so
7f9ddfc13000-7f9ddfe12000 ---p 00018000 08:06 1583000                    /lib/x86_64-linux-gnu/libpthread-2.23.so
7f9ddfe12000-7f9ddfe13000 r--p 00017000 08:06 1583000                    /lib/x86_64-linux-gnu/libpthread-2.23.so
7f9ddfe13000-7f9ddfe14000 rw-p 00018000 08:06 1583000                    /lib/x86_64-linux-gnu/libpthread-2.23.so
7f9ddfe14000-7f9ddfe18000 rw-p 00000000 00:00 0 
7f9ddfe18000-7f9ddfe1b000 r-xp 00000000 08:06 1583010                    /lib/x86_64-linux-gnu/libdl-2.23.so
7f9ddfe1b000-7f9de001a000 ---p 00003000 08:06 1583010                    /lib/x86_64-linux-gnu/libdl-2.23.so
7f9de001a000-7f9de001b000 r--p 00002000 08:06 1583010                    /lib/x86_64-linux-gnu/libdl-2.23.so
7f9de001b000-7f9de001c000 rw-p 00003000 08:06 1583010                    /lib/x86_64-linux-gnu/libdl-2.23.so
7f9de001c000-7f9de0035000 r-xp 00000000 08:06 1578048                    /lib/x86_64-linux-gnu/libz.so.1.2.8
7f9de0035000-7f9de0234000 ---p 00019000 08:06 1578048                    /lib/x86_64-linux-gnu/libz.so.1.2.8
7f9de0234000-7f9de0235000 r--p 00018000 08:06 1578048                    /lib/x86_64-linux-gnu/libz.so.1.2.8
7f9de0235000-7f9de0236000 rw-p 00019000 08:06 1578048                    /lib/x86_64-linux-gnu/libz.so.1.2.8
7f9de0236000-7f9de03f6000 r-xp 00000000 08:06 1583001                    /lib/x86_64-linux-gnu/libc-2.23.so
7f9de03f6000-7f9de05f6000 ---p 001c0000 08:06 1583001                    /lib/x86_64-linux-gnu/libc-2.23.so
7f9de05f6000-7f9de05fa000 r--p 001c0000 08:06 1583001                    /lib/x86_64-linux-gnu/libc-2.23.so
7f9de05fa000-7f9de05fc000 rw-p 001c4000 08:06 1583001                    /lib/x86_64-linux-gnu/libc-2.23.so
7f9de05fc000-7f9de0600000 rw-p 00000000 00:00 0 
7f9de0600000-7f9de060e000 r-xp 00000000 08:06 3554077                    /usr/lib/jvm/java-9-openjdk-amd64/lib/amd64/jli/libjli.so
7f9de060e000-7f9de080d000 ---p 0000e000 08:06 3554077                    /usr/lib/jvm/java-9-openjdk-amd64/lib/amd64/jli/libjli.so
7f9de080d000-7f9de080e000 r--p 0000d000 08:06 3554077                    /usr/lib/jvm/java-9-openjdk-amd64/lib/amd64/jli/libjli.so
7f9de080e000-7f9de080f000 rw-p 0000e000 08:06 3554077                    /usr/lib/jvm/java-9-openjdk-amd64/lib/amd64/jli/libjli.so
7f9de080f000-7f9de0835000 r-xp 00000000 08:06 1582999                    /lib/x86_64-linux-gnu/ld-2.23.so
7f9de0841000-7f9de0918000 rw-p 00000000 00:00 0 
7f9de0918000-7f9de091c000 ---p 00000000 00:00 0 
7f9de091c000-7f9de0a22000 rw-p 00000000 00:00 0 
7f9de0a22000-7f9de0a29000 ---p 00000000 00:00 0 
7f9de0a29000-7f9de0a31000 rw-s 00000000 08:06 3276824                    /tmp/hsperfdata_robbie/7504
7f9de0a31000-7f9de0a32000 rw-p 00000000 00:00 0 
7f9de0a32000-7f9de0a33000 r--p 00000000 00:00 0 
7f9de0a33000-7f9de0a34000 rw-p 00000000 00:00 0 
7f9de0a34000-7f9de0a35000 r--p 00025000 08:06 1582999                    /lib/x86_64-linux-gnu/ld-2.23.so
7f9de0a35000-7f9de0a36000 rw-p 00026000 08:06 1582999                    /lib/x86_64-linux-gnu/ld-2.23.so
7f9de0a36000-7f9de0a37000 rw-p 00000000 00:00 0 
7fffb0fa9000-7fffb0fca000 rw-p 00000000 00:00 0                          [stack]
7fffb0ff4000-7fffb0ff7000 r--p 00000000 00:00 0                          [vvar]
7fffb0ff7000-7fffb0ff9000 r-xp 00000000 00:00 0                          [vdso]
ffffffffff600000-ffffffffff601000 r-xp 00000000 00:00 0                  [vsyscall]

VM Arguments:
java_command: target/server-0.1.jar
java_class_path (initial): target/server-0.1.jar
Launcher Type: SUN_STANDARD

Environment Variables:
PATH=/home/robbie/bin:/home/robbie/.local/bin:/home/robbie/bin:/home/robbie/.local/bin:/usr/local/sbin:/usr/local/bin:/usr/sbin:/usr/bin:/sbin:/bin:/usr/games:/usr/local/games:/snap/bin
USERNAME=robbie
SHELL=/bin/bash
DISPLAY=:1

Signal Handlers:
SIGSEGV: [libjvm.so+0xc12c20], sa_mask[0]=11111111011111111101111111111110, sa_flags=SA_RESTART|SA_SIGINFO
SIGBUS: [libjvm.so+0xc12c20], sa_mask[0]=11111111011111111101111111111110, sa_flags=SA_RESTART|SA_SIGINFO
SIGFPE: [libjvm.so+0xc12c20], sa_mask[0]=11111111011111111101111111111110, sa_flags=SA_RESTART|SA_SIGINFO
SIGPIPE: [libjvm.so+0xa3b600], sa_mask[0]=11111111011111111101111111111110, sa_flags=SA_RESTART|SA_SIGINFO
SIGXFSZ: [libjvm.so+0xa3b600], sa_mask[0]=11111111011111111101111111111110, sa_flags=SA_RESTART|SA_SIGINFO
SIGILL: [libjvm.so+0xc12c20], sa_mask[0]=11111111011111111101111111111110, sa_flags=SA_RESTART|SA_SIGINFO
SIGUSR2: [libjvm.so+0xa3b4a0], sa_mask[0]=00100000000000000000000000000000, sa_flags=SA_RESTART|SA_SIGINFO
SIGHUP: [libjvm.so+0xa3b870], sa_mask[0]=11111111011111111101111111111110, sa_flags=SA_RESTART|SA_SIGINFO
SIGINT: [libjvm.so+0xa3b870], sa_mask[0]=11111111011111111101111111111110, sa_flags=SA_RESTART|SA_SIGINFO
SIGTERM: [libjvm.so+0xa3b870], sa_mask[0]=11111111011111111101111111111110, sa_flags=SA_RESTART|SA_SIGINFO
SIGQUIT: [libjvm.so+0xa3b870], sa_mask[0]=11111111011111111101111111111110, sa_flags=SA_RESTART|SA_SIGINFO


---------------  S Y S T E M  ---------------

OS:DISTRIB_ID=Ubuntu
DISTRIB_RELEASE=16.04
DISTRIB_CODENAME=xenial
DISTRIB_DESCRIPTION="Ubuntu 16.04.3 LTS"
uname:Linux 4.13.0-32-generic #35~16.04.1-Ubuntu SMP Thu Jan 25 10:13:43 UTC 2018 x86_64
libc:glibc 2.23 NPTL 2.23 
rlimit: STACK 8192k, CORE 0k, NPROC 30987, NOFILE 1048576, AS infinity
load average:1.12 0.85 0.65

/proc/meminfo:
MemTotal:        8056716 kB
MemFree:         3136788 kB
MemAvailable:    4694760 kB
Buffers:          146276 kB
Cached:          1910804 kB
SwapCached:            0 kB
Active:          3072656 kB
Inactive:        1526552 kB
Active(anon):    2337412 kB
Inactive(anon):   548580 kB
Active(file):     735244 kB
Inactive(file):   977972 kB
Unevictable:         192 kB
Mlocked:             192 kB
SwapTotal:       8276988 kB
SwapFree:        8276988 kB
Dirty:               224 kB
Writeback:             0 kB
AnonPages:       2542328 kB
Mapped:           459168 kB
Shmem:            550276 kB
Slab:             180168 kB
SReclaimable:     132156 kB
SUnreclaim:        48012 kB
KernelStack:       13364 kB
PageTables:        49556 kB
NFS_Unstable:          0 kB
Bounce:                0 kB
WritebackTmp:          0 kB
CommitLimit:    12305344 kB
Committed_AS:    8788120 kB
VmallocTotal:   34359738367 kB
VmallocUsed:           0 kB
VmallocChunk:          0 kB
HardwareCorrupted:     0 kB
AnonHugePages:         0 kB
ShmemHugePages:        0 kB
ShmemPmdMapped:        0 kB
CmaTotal:              0 kB
CmaFree:               0 kB
HugePages_Total:       0
HugePages_Free:        0
HugePages_Rsvd:        0
HugePages_Surp:        0
Hugepagesize:       2048 kB
DirectMap4k:      165400 kB
DirectMap2M:     4966400 kB
DirectMap1G:     3145728 kB


CPU:total 4 (2 cores per cpu, 2 threads per core) family 6 model 61 stepping 4, cmov, cx8, fxsr, mmx, sse, sse2, sse3, ssse3, sse4.1, sse4.2, popcnt, avx, avx2, clmul, erms, 3dnowpref, lzcnt, ht, tsc, tscinvbit, bmi1, bmi2, adx

CPU Model and flags from /proc/cpuinfo:
model name	: Intel(R) Core(TM) i7-5500U CPU @ 2.40GHz
flags		: fpu vme de pse tsc msr pae mce cx8 apic sep mtrr pge mca cmov pat pse36 clflush dts acpi mmx fxsr sse sse2 ss ht tm pbe syscall nx pdpe1gb rdtscp lm constant_tsc arch_perfmon pebs bts rep_good nopl xtopology nonstop_tsc cpuid aperfmperf pni pclmulqdq dtes64 monitor ds_cpl vmx est tm2 ssse3 sdbg fma cx16 xtpr pdcm pcid sse4_1 sse4_2 x2apic movbe popcnt xsave avx f16c rdrand lahf_lm abm 3dnowprefetch cpuid_fault epb invpcid_single pti intel_pt tpr_shadow vnmi flexpriority ept vpid fsgsbase tsc_adjust bmi1 avx2 smep bmi2 erms invpcid rdseed adx smap xsaveopt dtherm ida arat pln pts

Memory: 4k page, physical 8056716k(3136788k free), swap 8276988k(8276988k free)

vm_info: OpenJDK 64-Bit Server VM (9-internal+0-2016-04-14-195246.buildd.src) for linux-amd64 JRE (9-internal+0-2016-04-14-195246.buildd.src), built on Apr 14 2016 20:05:37 by "buildd" with gcc 5.3.1 20160413

END.
